\BOOKMARK [0][]{chapter.1}{Introduzione generale}{}% 1
\BOOKMARK [1][]{section.1.1}{Ambliopia}{chapter.1}% 2
\BOOKMARK [1][]{section.1.2}{Stereoacuit\340}{chapter.1}% 3
\BOOKMARK [1][]{section.1.3}{Anaglifi}{chapter.1}% 4
\BOOKMARK [1][]{section.1.4}{Il progetto 3D4AMB}{chapter.1}% 5
\BOOKMARK [1][]{section.1.5}{Il nostro apporto}{chapter.1}% 6
\BOOKMARK [0][]{chapter.2}{Applicazione}{}% 7
\BOOKMARK [1][]{section.2.1}{Introduzione all'applicazione}{chapter.2}% 8
\BOOKMARK [1][]{section.2.2}{Main activities}{chapter.2}% 9
\BOOKMARK [2][]{subsection.2.2.1}{Login}{section.2.2}% 10
\BOOKMARK [2][]{subsection.2.2.2}{Main Doctor}{section.2.2}% 11
\BOOKMARK [2][]{subsection.2.2.3}{Main Patient}{section.2.2}% 12
\BOOKMARK [2][]{subsection.2.2.4}{Test}{section.2.2}% 13
\BOOKMARK [2][]{subsection.2.2.5}{Results}{section.2.2}% 14
\BOOKMARK [2][]{subsection.2.2.6}{Settings}{section.2.2}% 15
\BOOKMARK [1][]{section.2.3}{Util activities}{chapter.2}% 16
\BOOKMARK [2][]{subsection.2.3.1}{Bitmap}{section.2.3}% 17
\BOOKMARK [2][]{subsection.2.3.2}{DefaultValues}{section.2.3}% 18
\BOOKMARK [2][]{subsection.2.3.3}{HashFunction}{section.2.3}% 19
\BOOKMARK [2][]{subsection.2.3.4}{Other}{section.2.3}% 20
\BOOKMARK [1][]{section.2.4}{Dettagli tecnici}{chapter.2}% 21
\BOOKMARK [2][]{subsection.2.4.1}{AsyncTask}{section.2.4}% 22
\BOOKMARK [2][]{subsection.2.4.2}{SharedPreferences}{section.2.4}% 23
\BOOKMARK [0][]{chapter.3}{Servlet}{}% 24
\BOOKMARK [1][]{section.3.1}{Introduzione alla servlet}{chapter.3}% 25
\BOOKMARK [1][]{section.3.2}{Database}{chapter.3}% 26
\BOOKMARK [1][]{section.3.3}{Servizi}{chapter.3}% 27
\BOOKMARK [0][]{chapter.4}{Libreria}{}% 28
\BOOKMARK [1][]{section.4.1}{Introduzione alla libreria}{chapter.4}% 29
\BOOKMARK [1][]{section.4.2}{PEST \(Parameter Estimation by Sequential Testing\)}{chapter.4}% 30
\BOOKMARK [1][]{section.4.3}{Studio qualitativo dell'algoritmo}{chapter.4}% 31
\BOOKMARK [1][]{section.4.4}{Implementazione dell'algoritmo}{chapter.4}% 32
\BOOKMARK [2][]{subsection.4.4.1}{PART ONE}{section.4.4}% 33
\BOOKMARK [2][]{subsection.4.4.2}{PART TWO}{section.4.4}% 34
\BOOKMARK [1][]{section.4.5}{Testing dell'algoritmo}{chapter.4}% 35
\BOOKMARK [0][]{appendix.Alph1}{AsyncTask}{}% 36
\BOOKMARK [0][]{appendix*.3}{Bibliografia}{}% 37
\BOOKMARK [0][]{appendix*.4}{Sitografia}{}% 38
